Drill report for FCCU-v2-schematic-pcb.kicad_pcb
Created on 2025-03-25T01:22:19+0100

Copper Layer Stackup:
    =============================================================
    L1 :  F.Cu                      front
    L1 :  B.Cu                      back


Drill file 'FCCU-v2-schematic-pcb-PTH-drl.gbr' contains
    plated through holes:
    =============================================================
    T1  0,300mm  0,0118"  (2 holes)
    T2  0,400mm  0,0157"  (314 holes)
    T3  0,600mm  0,0236"  (39 holes)
    T4  0,800mm  0,0315"  (77 holes)
    T5  1,000mm  0,0394"  (1 hole)
    T6  1,000mm  0,0394"  (66 holes)
    T7  1,520mm  0,0598"  (2 holes)
    T8  1,800mm  0,0709"  (38 holes)
    T9  1,900mm  0,0748"  (2 holes)
    T10  3,200mm  0,1260"  (4 holes)

    Total plated holes count 545


Drill file 'FCCU-v2-schematic-pcb-NPTH-drl.gbr' contains
    unplated through holes:
    =============================================================
    T1  3,000mm  0,1181"  (9 holes)
    T2  3,200mm  0,1260"  (4 holes)

    Total unplated holes count 13
